0 info it worked if it ends with ok
1 verbose cli [ '/Users/noguchitadahiro/.nvm/versions/node/v5.5.0/bin/node',
1 verbose cli   '/Users/noguchitadahiro/.nvm/versions/node/v5.5.0/bin/npm',
1 verbose cli   'run',
1 verbose cli   'test:mocha' ]
2 info using npm@3.7.2
3 info using node@v5.5.0
4 verbose run-script [ 'pretest:mocha', 'test:mocha', 'posttest:mocha' ]
5 info lifecycle word-quiz-generator@0.5.0~pretest:mocha: word-quiz-generator@0.5.0
6 silly lifecycle word-quiz-generator@0.5.0~pretest:mocha: no script for pretest:mocha, continuing
7 info lifecycle word-quiz-generator@0.5.0~test:mocha: word-quiz-generator@0.5.0
8 verbose lifecycle word-quiz-generator@0.5.0~test:mocha: unsafe-perm in lifecycle true
9 verbose lifecycle word-quiz-generator@0.5.0~test:mocha: PATH: /Users/noguchitadahiro/.nvm/versions/node/v5.5.0/lib/node_modules/npm/bin/node-gyp-bin:/Users/noguchitadahiro/workspace/word-quiz-generator/word-quiz-generator/node_modules/.bin:/Users/noguchitadahiro/.nvm/versions/node/v5.5.0/bin:/Users/noguchitadahiro/google-cloud-sdk/bin:/Users/noguchitadahiro/.nvm/versions/node/v5.5.0/bin:/usr/local/heroku/bin:/Users/noguchitadahiro/.rbenv/shims:/Users/noguchitadahiro/.rbenv/shims:/Users/noguchitadahiro/.rbenv/bin:/usr/local/opt/coreutils/libexec/gnubin:/usr/local/sbin:/usr/local/bin:/usr/local/bin:/usr/bin:/bin:/usr/sbin:/sbin:/opt/X11/bin:/usr/texbin:/Users/noguchitadahiro/go/bin:/usr/local/opt/go/libexec/bin
10 verbose lifecycle word-quiz-generator@0.5.0~test:mocha: CWD: /Users/noguchitadahiro/workspace/word-quiz-generator/word-quiz-generator
11 silly lifecycle word-quiz-generator@0.5.0~test:mocha: Args: [ '-c', 'mocha --compilers js:babel-core/register' ]
12 silly lifecycle word-quiz-generator@0.5.0~test:mocha: Returned: code: 1  signal: null
13 info lifecycle word-quiz-generator@0.5.0~test:mocha: Failed to exec test:mocha script
14 verbose stack Error: word-quiz-generator@0.5.0 test:mocha: `mocha --compilers js:babel-core/register`
14 verbose stack Exit status 1
14 verbose stack     at EventEmitter.<anonymous> (/Users/noguchitadahiro/.nvm/versions/node/v5.5.0/lib/node_modules/npm/lib/utils/lifecycle.js:239:16)
14 verbose stack     at emitTwo (events.js:100:13)
14 verbose stack     at EventEmitter.emit (events.js:185:7)
14 verbose stack     at ChildProcess.<anonymous> (/Users/noguchitadahiro/.nvm/versions/node/v5.5.0/lib/node_modules/npm/lib/utils/spawn.js:24:14)
14 verbose stack     at emitTwo (events.js:100:13)
14 verbose stack     at ChildProcess.emit (events.js:185:7)
14 verbose stack     at maybeClose (internal/child_process.js:821:16)
14 verbose stack     at Process.ChildProcess._handle.onexit (internal/child_process.js:211:5)
15 verbose pkgid word-quiz-generator@0.5.0
16 verbose cwd /Users/noguchitadahiro/workspace/word-quiz-generator/word-quiz-generator
17 error Darwin 14.5.0
18 error argv "/Users/noguchitadahiro/.nvm/versions/node/v5.5.0/bin/node" "/Users/noguchitadahiro/.nvm/versions/node/v5.5.0/bin/npm" "run" "test:mocha"
19 error node v5.5.0
20 error npm  v3.7.2
21 error code ELIFECYCLE
22 error word-quiz-generator@0.5.0 test:mocha: `mocha --compilers js:babel-core/register`
22 error Exit status 1
23 error Failed at the word-quiz-generator@0.5.0 test:mocha script 'mocha --compilers js:babel-core/register'.
23 error Make sure you have the latest version of node.js and npm installed.
23 error If you do, this is most likely a problem with the word-quiz-generator package,
23 error not with npm itself.
23 error Tell the author that this fails on your system:
23 error     mocha --compilers js:babel-core/register
23 error You can get information on how to open an issue for this project with:
23 error     npm bugs word-quiz-generator
23 error Or if that isn't available, you can get their info via:
23 error     npm owner ls word-quiz-generator
23 error There is likely additional logging output above.
24 verbose exit [ 1, true ]
